<?xml version="1.0" encoding="UTF-8"?>
<testsuite xmlns:xsi="http://www.w3.org/2001/XMLSchema-instance" xsi:noNamespaceSchemaLocation="https://maven.apache.org/surefire/maven-surefire-plugin/xsd/surefire-test-report.xsd" name="com.example.AppTest" time="0.057" tests="1" errors="0" skipped="0" failures="0">
  <properties>
    <property name="sun.desktop" value="windows"/>
    <property name="awt.toolkit" value="sun.awt.windows.WToolkit"/>
    <property name="file.encoding.pkg" value="sun.io"/>
    <property name="java.specification.version" value="1.8"/>
    <property name="sun.cpu.isalist" value="amd64"/>
    <property name="sun.jnu.encoding" value="GBK"/>
    <property name="java.class.path" value="d:\javaee\myjson\target\test-classes;d:\javaee\myjson\target\classes;C:\Users\Administrator\.m2\repository\junit\junit\4.11\junit-4.11.jar;C:\Users\Administrator\.m2\repository\org\hamcrest\hamcrest-core\1.3\hamcrest-core-1.3.jar;"/>
    <property name="java.vm.vendor" value="Red Hat, Inc."/>
    <property name="sun.arch.data.model" value="64"/>
    <property name="user.variant" value=""/>
    <property name="java.vendor.url" value="https://access.redhat.com/"/>
    <property name="user.timezone" value="Asia/Shanghai"/>
    <property name="java.vm.specification.version" value="1.8"/>
    <property name="os.name" value="Windows 10"/>
    <property name="user.country" value="CN"/>
    <property name="sun.java.launcher" value="SUN_STANDARD"/>
    <property name="sun.boot.library.path" value="C:\ENV\java-1.8.0-openjdk-1.8.0.352-2.b08.redhat.windows.x86_64\jre\bin"/>
    <property name="sun.java.command" value="C:\Users\ADMINI~1\AppData\Local\Temp\surefire1199506295432491496\surefirebooter8145315043080763465.jar C:\Users\Administrator\AppData\Local\Temp\surefire1199506295432491496 2023-10-15T23-47-53_648-jvmRun1 surefire712262387773277911tmp surefire_07743771247123915102tmp"/>
    <property name="surefire.test.class.path" value="d:\javaee\myjson\target\test-classes;d:\javaee\myjson\target\classes;C:\Users\Administrator\.m2\repository\junit\junit\4.11\junit-4.11.jar;C:\Users\Administrator\.m2\repository\org\hamcrest\hamcrest-core\1.3\hamcrest-core-1.3.jar;"/>
    <property name="sun.cpu.endian" value="little"/>
    <property name="user.home" value="C:\Users\Administrator"/>
    <property name="user.language" value="zh"/>
    <property name="java.specification.vendor" value="Oracle Corporation"/>
    <property name="java.home" value="C:\ENV\java-1.8.0-openjdk-1.8.0.352-2.b08.redhat.windows.x86_64\jre"/>
    <property name="basedir" value="d:\javaee\myjson"/>
    <property name="file.separator" value="\"/>
    <property name="line.separator" value="&#10;"/>
    <property name="java.vm.specification.vendor" value="Oracle Corporation"/>
    <property name="java.specification.name" value="Java Platform API Specification"/>
    <property name="java.awt.graphicsenv" value="sun.awt.Win32GraphicsEnvironment"/>
    <property name="surefire.real.class.path" value="C:\Users\ADMINI~1\AppData\Local\Temp\surefire1199506295432491496\surefirebooter8145315043080763465.jar"/>
    <property name="sun.boot.class.path" value="C:\ENV\java-1.8.0-openjdk-1.8.0.352-2.b08.redhat.windows.x86_64\jre\lib\resources.jar;C:\ENV\java-1.8.0-openjdk-1.8.0.352-2.b08.redhat.windows.x86_64\jre\lib\rt.jar;C:\ENV\java-1.8.0-openjdk-1.8.0.352-2.b08.redhat.windows.x86_64\jre\lib\sunrsasign.jar;C:\ENV\java-1.8.0-openjdk-1.8.0.352-2.b08.redhat.windows.x86_64\jre\lib\jsse.jar;C:\ENV\java-1.8.0-openjdk-1.8.0.352-2.b08.redhat.windows.x86_64\jre\lib\jce.jar;C:\ENV\java-1.8.0-openjdk-1.8.0.352-2.b08.redhat.windows.x86_64\jre\lib\charsets.jar;C:\ENV\java-1.8.0-openjdk-1.8.0.352-2.b08.redhat.windows.x86_64\jre\lib\jfr.jar;C:\ENV\java-1.8.0-openjdk-1.8.0.352-2.b08.redhat.windows.x86_64\jre\classes"/>
    <property name="user.script" value=""/>
    <property name="sun.management.compiler" value="HotSpot 64-Bit Tiered Compilers"/>
    <property name="java.runtime.version" value="1.8.0_352-b08"/>
    <property name="user.name" value="Administrator"/>
    <property name="path.separator" value=";"/>
    <property name="os.version" value="10.0"/>
    <property name="java.endorsed.dirs" value="C:\ENV\java-1.8.0-openjdk-1.8.0.352-2.b08.redhat.windows.x86_64\jre\lib\endorsed"/>
    <property name="java.runtime.name" value="OpenJDK Runtime Environment"/>
    <property name="file.encoding" value="GBK"/>
    <property name="java.vm.name" value="OpenJDK 64-Bit Server VM"/>
    <property name="localRepository" value="C:\Users\Administrator\.m2\repository"/>
    <property name="java.vendor.url.bug" value="https://bugzilla.redhat.com/enter_bug.cgi"/>
    <property name="java.io.tmpdir" value="C:\Users\ADMINI~1\AppData\Local\Temp\"/>
    <property name="java.version" value="1.8.0_352"/>
    <property name="user.dir" value="d:\javaee\myjson"/>
    <property name="os.arch" value="amd64"/>
    <property name="java.vm.specification.name" value="Java Virtual Machine Specification"/>
    <property name="java.awt.printerjob" value="sun.awt.windows.WPrinterJob"/>
    <property name="sun.os.patch.level" value=""/>
    <property name="java.library.path" value="C:\ENV\java-1.8.0-openjdk-1.8.0.352-2.b08.redhat.windows.x86_64\jre\bin;C:\Windows\Sun\Java\bin;C:\Windows\system32;C:\Windows;C:\Program Files\NVIDIA GPU Computing Toolkit\CUDA\v12.1\bin;C:\Program Files\NVIDIA GPU Computing Toolkit\CUDA\v12.1\libnvvp;C:\Windows\system32;C:\Windows;C:\Windows\System32\Wbem;C:\Windows\System32\WindowsPowerShell\v1.0\;C:\Windows\System32\OpenSSH\;C:\Program Files\Microsoft VS Code\bin;C:\Program Files\dotnet\;C:\Program Files\nodejs\;C:\Program Files\NVIDIA Corporation\NVIDIA NvDLISR;C:\Program Files (x86)\NVIDIA Corporation\PhysX\Common;C:\Program Files\Microsoft SQL Server\150\Tools\Binn\;C:\Program Files\Microsoft SQL Server\Client SDK\ODBC\170\Tools\Binn\;C:\Program Files\LINQPad7;C:\Program Files (x86)\Tencent\微信web开发者工具\dll;C:\Program Files (x86)\PICT\;C:\Program Files\NVIDIA Corporation\Nsight Compute 2023.1.0\;C:\Program Files (x86)\NetSarang\Xshell 7\;D:\cmder;C:\Program Files (x86)\Chicken Scheme\bin;C:\ENV\java-1.8.0-openjdk-1.8.0.352-2.b08.redhat.windows.x86_64\bin;C:\Users\Administrator\AppData\Local\Programs\Python\Python310\Scripts\;C:\Users\Administrator\AppData\Local\Programs\Python\Python310\;C:\flutter_windows_3.7.8-stable\flutter\bin;C:\Users\Administrator\.cargo\bin;C:\Users\Administrator\AppData\Local\Microsoft\WindowsApps;C:\Users\Administrator\.dotnet\tools;C:\Users\Administrator\AppData\Roaming\npm;C:\Scripts;C:\Scripts\win_flex_bison-latest;C:\cygwin64\bin;C:\Users\Administrator\AppData\Local\Programs\Fiddler;C:\ENV\ffmpeg-5.0.1-essentials_build\bin;C:\ENV\mysql-8.0.31-winx64\bin;C:\ENV\Git-2.38.0-64\bin;C:\ENV\vcpkg;C:\ENV\cmake-3.25.0-rc2-windows-x86_64\bin;C:\ENV\vcpkg\installed\x64-windows\tools\drogon;C:\Users\Administrator\AppData\Local\Programs\Python\Python39;C:\Users\Administrator\AppData\Local\Programs\Python\Python39\Scripts;C:\ENV\go\bin;C:\Users\Administrator\AppData\Local\Android\Sdk\platform-tools;C:\Users\Administrator\AppData\Local\Programs\Hyper\resources\bin;C:\Program Files (x86)\Nox\bin;C:\Program Files\MongoDB\Server\5.0\bin;C:\Program Files\MongoDB\mongodb-database-tools-windows-x86_64-100.7.0\bin;C:\ENV\php-8.2.4-Win32-vs16-x64;C:\Program Files (x86)\Tencent\QQGameTempest\Hall.57982\;C:\ENV\spring-boot-cli-3.1.2-bin\spring-3.1.2\bin;C:\ENV\gradle-8.2.1-all\gradle-8.2.1\bin;C:\ENV\spring-boot-cli-2.3.9.RELEASE-bin\spring-2.3.9.RELEASE\bin;C:\ENV\grails-6.0.0\grails-6.0.0\bin;C:\ENV\grails-3.3.15\grails-3.3.15\bin;C:\ENV\apache-ant-1.10.12-bin\apache-ant-1.10.12\bin;C:\Program Files\Java\jdk-17.0.4\bin;;."/>
    <property name="java.vm.info" value="mixed mode"/>
    <property name="java.vendor" value="Red Hat, Inc."/>
    <property name="java.vm.version" value="25.352-b08"/>
    <property name="java.specification.maintenance.version" value="4"/>
    <property name="java.ext.dirs" value="C:\ENV\java-1.8.0-openjdk-1.8.0.352-2.b08.redhat.windows.x86_64\jre\lib\ext;C:\Windows\Sun\Java\lib\ext"/>
    <property name="sun.io.unicode.encoding" value="UnicodeLittle"/>
    <property name="java.class.version" value="52.0"/>
  </properties>
  <testcase name="shouldAnswerWithTrue" classname="com.example.AppTest" time="0.043"/>
</testsuite>